<?xml version="1.0" encoding="UTF-8"?>
<!-- Generated by org.testng.reporters.JUnitReportReporter -->
<testsuite skipped="0" hostname="Dell-PC" name="com.google.qa.GoogleTest" tests="1" failures="0" timestamp="23 May 2019 17:46:45 GMT" time="2.211" errors="1">
  <testcase name="openbrowser" time="2.211" classname="com.google.qa.GoogleTest">
    <error type="org.openqa.selenium.SessionNotCreatedException" message="session not created: This version of ChromeDriver only supports Chrome version 75
Build info: version: &#039;3.141.59&#039;, revision: &#039;e82be7d358&#039;, time: &#039;2018-11-14T08:25:48&#039;
System info: host: &#039;DELL-PC&#039;, ip: &#039;192.168.56.1&#039;, os.name: &#039;Windows 7&#039;, os.arch: &#039;amd64&#039;, os.version: &#039;6.1&#039;, java.version: &#039;1.8.0_211&#039;
Driver info: driver.version: ChromeDriver
remote stacktrace: Backtrace:
	Ordinal0 [0x01267DF3+1474035]
	Ordinal0 [0x011E07D1+919505]
	Ordinal0 [0x0117CB43+510787]
	Ordinal0 [0x01111B0F+72463]
	Ordinal0 [0x0110E3F3+58355]
	Ordinal0 [0x01130CE4+199908]
	Ordinal0 [0x0113069D+198301]
	Ordinal0 [0x0112EECB+192203]
	Ordinal0 [0x01115FF6+90102]
	Ordinal0 [0x0111765A+95834]
	Ordinal0 [0x01117554+95572]
	GetHandleVerifier [0x013C231C+1249612]
	GetHandleVerifier [0x01311575+525221]
	GetHandleVerifier [0x01311310+524608]
	Ordinal0 [0x01275D28+1531176]
	GetHandleVerifier [0x01311D4A+527226]
	Ordinal0 [0x011F75F6+1013238]
	Ordinal0 [0x011F746F+1012847]
	Ordinal0 [0x0120365B+1062491]
	Ordinal0 [0x0120379F+1062815]
	Ordinal0 [0x01202745+1058629]
	BaseThreadInitThunk [0x74BF343D+18]
	RtlInitializeExceptionChain [0x77489802+99]
	RtlInitializeExceptionChain [0x774897D5+54]
">
      <![CDATA[org.openqa.selenium.SessionNotCreatedException: session not created: This version of ChromeDriver only supports Chrome version 75
Build info: version: '3.141.59', revision: 'e82be7d358', time: '2018-11-14T08:25:48'
System info: host: 'DELL-PC', ip: '192.168.56.1', os.name: 'Windows 7', os.arch: 'amd64', os.version: '6.1', java.version: '1.8.0_211'
Driver info: driver.version: ChromeDriver
remote stacktrace: Backtrace:
Ordinal0 [0x01267DF3+1474035]
Ordinal0 [0x011E07D1+919505]
Ordinal0 [0x0117CB43+510787]
Ordinal0 [0x01111B0F+72463]
Ordinal0 [0x0110E3F3+58355]
Ordinal0 [0x01130CE4+199908]
Ordinal0 [0x0113069D+198301]
Ordinal0 [0x0112EECB+192203]
Ordinal0 [0x01115FF6+90102]
Ordinal0 [0x0111765A+95834]
Ordinal0 [0x01117554+95572]
GetHandleVerifier [0x013C231C+1249612]
GetHandleVerifier [0x01311575+525221]
GetHandleVerifier [0x01311310+524608]
Ordinal0 [0x01275D28+1531176]
GetHandleVerifier [0x01311D4A+527226]
Ordinal0 [0x011F75F6+1013238]
Ordinal0 [0x011F746F+1012847]
Ordinal0 [0x0120365B+1062491]
Ordinal0 [0x0120379F+1062815]
Ordinal0 [0x01202745+1058629]
BaseThreadInitThunk [0x74BF343D+18]
RtlInitializeExceptionChain [0x77489802+99]
RtlInitializeExceptionChain [0x774897D5+54]

at sun.reflect.NativeConstructorAccessorImpl.newInstance0(Native Method)
at sun.reflect.NativeConstructorAccessorImpl.newInstance(Unknown Source)
at sun.reflect.DelegatingConstructorAccessorImpl.newInstance(Unknown Source)
at java.lang.reflect.Constructor.newInstance(Unknown Source)
at org.openqa.selenium.remote.W3CHandshakeResponse.lambda$errorHandler$0(W3CHandshakeResponse.java:62)
at org.openqa.selenium.remote.HandshakeResponse.lambda$getResponseFunction$0(HandshakeResponse.java:30)
at org.openqa.selenium.remote.ProtocolHandshake.lambda$createSession$0(ProtocolHandshake.java:126)
at java.util.stream.ReferencePipeline$3$1.accept(Unknown Source)
at java.util.Spliterators$ArraySpliterator.tryAdvance(Unknown Source)
at java.util.stream.ReferencePipeline.forEachWithCancel(Unknown Source)
at java.util.stream.AbstractPipeline.copyIntoWithCancel(Unknown Source)
at java.util.stream.AbstractPipeline.copyInto(Unknown Source)
at java.util.stream.AbstractPipeline.wrapAndCopyInto(Unknown Source)
at java.util.stream.FindOps$FindOp.evaluateSequential(Unknown Source)
at java.util.stream.AbstractPipeline.evaluate(Unknown Source)
at java.util.stream.ReferencePipeline.findFirst(Unknown Source)
at org.openqa.selenium.remote.ProtocolHandshake.createSession(ProtocolHandshake.java:128)
at org.openqa.selenium.remote.ProtocolHandshake.createSession(ProtocolHandshake.java:74)
at org.openqa.selenium.remote.HttpCommandExecutor.execute(HttpCommandExecutor.java:136)
at org.openqa.selenium.remote.service.DriverCommandExecutor.execute(DriverCommandExecutor.java:83)
at org.openqa.selenium.remote.RemoteWebDriver.execute(RemoteWebDriver.java:552)
at org.openqa.selenium.remote.RemoteWebDriver.startSession(RemoteWebDriver.java:213)
at org.openqa.selenium.remote.RemoteWebDriver.<init>(RemoteWebDriver.java:131)
at org.openqa.selenium.chrome.ChromeDriver.<init>(ChromeDriver.java:181)
at org.openqa.selenium.chrome.ChromeDriver.<init>(ChromeDriver.java:168)
at org.openqa.selenium.chrome.ChromeDriver.<init>(ChromeDriver.java:123)
at com.google.qa.GoogleTest.openbrowser(GoogleTest.java:14)
at sun.reflect.NativeMethodAccessorImpl.invoke0(Native Method)
at sun.reflect.NativeMethodAccessorImpl.invoke(Unknown Source)
at sun.reflect.DelegatingMethodAccessorImpl.invoke(Unknown Source)
at java.lang.reflect.Method.invoke(Unknown Source)
at org.testng.internal.MethodInvocationHelper.invokeMethod(MethodInvocationHelper.java:124)
at org.testng.internal.Invoker.invokeMethod(Invoker.java:583)
at org.testng.internal.Invoker.invokeTestMethod(Invoker.java:719)
at org.testng.internal.Invoker.invokeTestMethods(Invoker.java:989)
at org.testng.internal.TestMethodWorker.invokeTestMethods(TestMethodWorker.java:125)
at org.testng.internal.TestMethodWorker.run(TestMethodWorker.java:109)
at org.testng.TestRunner.privateRun(TestRunner.java:648)
at org.testng.TestRunner.run(TestRunner.java:505)
at org.testng.SuiteRunner.runTest(SuiteRunner.java:455)
at org.testng.SuiteRunner.runSequentially(SuiteRunner.java:450)
at org.testng.SuiteRunner.privateRun(SuiteRunner.java:415)
at org.testng.SuiteRunner.run(SuiteRunner.java:364)
at org.testng.SuiteRunnerWorker.runSuite(SuiteRunnerWorker.java:52)
at org.testng.SuiteRunnerWorker.run(SuiteRunnerWorker.java:84)
at org.testng.TestNG.runSuitesSequentially(TestNG.java:1208)
at org.testng.TestNG.runSuitesLocally(TestNG.java:1137)
at org.testng.TestNG.runSuites(TestNG.java:1049)
at org.testng.TestNG.run(TestNG.java:1017)
at org.testng.remote.AbstractRemoteTestNG.run(AbstractRemoteTestNG.java:115)
at org.testng.remote.RemoteTestNG.initAndRun(RemoteTestNG.java:251)
at org.testng.remote.RemoteTestNG.main(RemoteTestNG.java:77)
]]>
    </error>
  </testcase> <!-- openbrowser -->
</testsuite> <!-- com.google.qa.GoogleTest -->
